<?xml version="1.0" encoding="UTF-8"?>
<testng-results skipped="0" failed="0" ignored="0" total="1" passed="1">
  <reporter-output>
  </reporter-output>
  <suite name="Default suite" duration-ms="28" started-at="2017-10-20T15:58:21Z" finished-at="2017-10-20T15:58:21Z">
    <groups>
    </groups>
    <test name="Default test" duration-ms="28" started-at="2017-10-20T15:58:21Z" finished-at="2017-10-20T15:58:21Z">
      <class name="il.co.bgurent.tests.SearchAPITest">
        <test-method status="PASS" signature="startUp()[pri:0, instance:il.co.bgurent.tests.SearchAPITest@66a3ffec]" name="startUp" duration-ms="10" started-at="2017-10-20T18:58:21Z" finished-at="2017-10-20T18:58:21Z">
          <reporter-output>
          </reporter-output>
        </test-method> <!-- startUp -->
      </class> <!-- il.co.bgurent.tests.SearchAPITest -->
    </test> <!-- Default test -->
  </suite> <!-- Default suite -->
</testng-results>
